[debug] [2026-06-10T21:29:20.722Z] ----------------------------------------------------------------------
[debug] [2026-06-10T21:29:20.727Z] Command:       C:\Program Files\nodejs\node.exe C:\Users\tommy\AppData\Roaming\npm\node_modules\firebase-tools\lib\bin\firebase.js deploy
[debug] [2026-06-10T21:29:20.728Z] CLI Version:   15.19.1
[debug] [2026-06-10T21:29:20.728Z] Platform:      win32
[debug] [2026-06-10T21:29:20.728Z] Node Version:  v24.15.0
[debug] [2026-06-10T21:29:20.728Z] Time:          Wed Jun 10 2026 18:29:20 GMT-0300 (Horário Padrão de Brasília)
[debug] [2026-06-10T21:29:20.729Z] ----------------------------------------------------------------------
[debug] 
[debug] [2026-06-10T21:29:27.665Z] > command requires scopes: ["email","openid","https://www.googleapis.com/auth/cloudplatformprojects.readonly","https://www.googleapis.com/auth/firebase","https://www.googleapis.com/auth/cloud-platform"]
[debug] [2026-06-10T21:29:27.665Z] > authorizing via signed-in user (adriancostaramos57@gmail.com)
[debug] [2026-06-10T21:29:27.666Z] [iam] checking project borapedir-f529a for permissions ["cloudfunctions.functions.create","cloudfunctions.functions.delete","cloudfunctions.functions.get","cloudfunctions.functions.list","cloudfunctions.functions.update","cloudfunctions.operations.get","datastore.indexes.create","datastore.indexes.delete","datastore.indexes.list","datastore.indexes.update","firebase.projects.get","firebasedatabase.instances.update","firebasehosting.sites.update"]
[debug] [2026-06-10T21:29:27.667Z] Checked if tokens are valid: false, expires at: 1781068638399
[debug] [2026-06-10T21:29:27.667Z] Checked if tokens are valid: false, expires at: 1781068638399
[debug] [2026-06-10T21:29:27.667Z] > refreshing access token with scopes: []
[debug] [2026-06-10T21:29:27.669Z] >>> [apiv2][query] POST https://www.googleapis.com/oauth2/v3/token [none]
[debug] [2026-06-10T21:29:27.669Z] >>> [apiv2][body] POST https://www.googleapis.com/oauth2/v3/token [omitted]
[debug] [2026-06-10T21:29:28.107Z] <<< [apiv2][status] POST https://www.googleapis.com/oauth2/v3/token 200
[debug] [2026-06-10T21:29:28.107Z] <<< [apiv2][body] POST https://www.googleapis.com/oauth2/v3/token [omitted]
[debug] [2026-06-10T21:29:28.118Z] >>> [apiv2][query] POST https://cloudresourcemanager.googleapis.com/v1/projects/borapedir-f529a:testIamPermissions [none]
[debug] [2026-06-10T21:29:28.118Z] >>> [apiv2][(partial)header] POST https://cloudresourcemanager.googleapis.com/v1/projects/borapedir-f529a:testIamPermissions  x-goog-user-project=borapedir-f529a
[debug] [2026-06-10T21:29:28.118Z] >>> [apiv2][body] POST https://cloudresourcemanager.googleapis.com/v1/projects/borapedir-f529a:testIamPermissions {"permissions":["cloudfunctions.functions.create","cloudfunctions.functions.delete","cloudfunctions.functions.get","cloudfunctions.functions.list","cloudfunctions.functions.update","cloudfunctions.operations.get","datastore.indexes.create","datastore.indexes.delete","datastore.indexes.list","datastore.indexes.update","firebase.projects.get","firebasedatabase.instances.update","firebasehosting.sites.update"]}
[debug] [2026-06-10T21:29:29.222Z] <<< [apiv2][status] POST https://cloudresourcemanager.googleapis.com/v1/projects/borapedir-f529a:testIamPermissions 200
[debug] [2026-06-10T21:29:29.222Z] <<< [apiv2][body] POST https://cloudresourcemanager.googleapis.com/v1/projects/borapedir-f529a:testIamPermissions {"permissions":["cloudfunctions.functions.create","cloudfunctions.functions.delete","cloudfunctions.functions.get","cloudfunctions.functions.list","cloudfunctions.functions.update","cloudfunctions.operations.get","datastore.indexes.create","datastore.indexes.delete","datastore.indexes.list","datastore.indexes.update","firebase.projects.get","firebasedatabase.instances.update","firebasehosting.sites.update"]}
[debug] [2026-06-10T21:29:29.222Z] Checked if tokens are valid: true, expires at: 1781130567107
[debug] [2026-06-10T21:29:29.222Z] Checked if tokens are valid: true, expires at: 1781130567107
[debug] [2026-06-10T21:29:29.222Z] >>> [apiv2][query] POST https://iam.googleapis.com/v1/projects/borapedir-f529a/serviceAccounts/borapedir-f529a@appspot.gserviceaccount.com:testIamPermissions [none]
[debug] [2026-06-10T21:29:29.222Z] >>> [apiv2][body] POST https://iam.googleapis.com/v1/projects/borapedir-f529a/serviceAccounts/borapedir-f529a@appspot.gserviceaccount.com:testIamPermissions {"permissions":["iam.serviceAccounts.actAs"]}
[debug] [2026-06-10T21:29:30.339Z] <<< [apiv2][status] POST https://iam.googleapis.com/v1/projects/borapedir-f529a/serviceAccounts/borapedir-f529a@appspot.gserviceaccount.com:testIamPermissions 200
[debug] [2026-06-10T21:29:30.340Z] <<< [apiv2][body] POST https://iam.googleapis.com/v1/projects/borapedir-f529a/serviceAccounts/borapedir-f529a@appspot.gserviceaccount.com:testIamPermissions {"permissions":["iam.serviceAccounts.actAs"]}
[debug] [2026-06-10T21:29:30.340Z] Checked if tokens are valid: true, expires at: 1781130567107
[debug] [2026-06-10T21:29:30.340Z] Checked if tokens are valid: true, expires at: 1781130567107
[debug] [2026-06-10T21:29:30.340Z] >>> [apiv2][query] GET https://firebase.googleapis.com/v1beta1/projects/borapedir-f529a [none]
[debug] [2026-06-10T21:29:30.927Z] <<< [apiv2][status] GET https://firebase.googleapis.com/v1beta1/projects/borapedir-f529a 200
[debug] [2026-06-10T21:29:30.927Z] <<< [apiv2][body] GET https://firebase.googleapis.com/v1beta1/projects/borapedir-f529a {"projectId":"borapedir-f529a","projectNumber":"549747350096","displayName":"Pratoby","name":"projects/borapedir-f529a","resources":{"hostingSite":"borapedir-f529a","realtimeDatabaseInstance":"borapedir-f529a-default-rtdb"},"state":"ACTIVE","etag":"1_cfdc198e-cbbf-45c6-80a1-04941fe16f2b"}
[debug] [2026-06-10T21:29:30.927Z] Checked if tokens are valid: true, expires at: 1781130567107
[debug] [2026-06-10T21:29:30.928Z] Checked if tokens are valid: true, expires at: 1781130567107
[debug] [2026-06-10T21:29:30.928Z] >>> [apiv2][query] GET https://firebase.googleapis.com/v1beta1/projects/borapedir-f529a [none]
[debug] [2026-06-10T21:29:31.324Z] <<< [apiv2][status] GET https://firebase.googleapis.com/v1beta1/projects/borapedir-f529a 200
[debug] [2026-06-10T21:29:31.324Z] <<< [apiv2][body] GET https://firebase.googleapis.com/v1beta1/projects/borapedir-f529a {"projectId":"borapedir-f529a","projectNumber":"549747350096","displayName":"Pratoby","name":"projects/borapedir-f529a","resources":{"hostingSite":"borapedir-f529a","realtimeDatabaseInstance":"borapedir-f529a-default-rtdb"},"state":"ACTIVE","etag":"1_cfdc198e-cbbf-45c6-80a1-04941fe16f2b"}
[info] 
[info] === Deploying to 'borapedir-f529a'...
[info] 
[info] i  deploying database, firestore, functions, hosting 
[info] i  database: checking rules syntax... 
[debug] [2026-06-10T21:29:31.332Z] Checked if tokens are valid: true, expires at: 1781130567107
[debug] [2026-06-10T21:29:31.332Z] Checked if tokens are valid: true, expires at: 1781130567107
[debug] [2026-06-10T21:29:31.332Z] >>> [apiv2][query] GET https://firebasedatabase.googleapis.com/v1beta/projects/borapedir-f529a/locations/-/instances/borapedir-f529a-default-rtdb [none]
[debug] [2026-06-10T21:29:32.583Z] <<< [apiv2][status] GET https://firebasedatabase.googleapis.com/v1beta/projects/borapedir-f529a/locations/-/instances/borapedir-f529a-default-rtdb 200
[debug] [2026-06-10T21:29:32.584Z] <<< [apiv2][body] GET https://firebasedatabase.googleapis.com/v1beta/projects/borapedir-f529a/locations/-/instances/borapedir-f529a-default-rtdb {"name":"projects/549747350096/locations/us-central1/instances/borapedir-f529a-default-rtdb","project":"projects/549747350096","databaseUrl":"https://borapedir-f529a-default-rtdb.firebaseio.com","type":"DEFAULT_DATABASE","state":"ACTIVE"}
[debug] [2026-06-10T21:29:32.584Z] Checked if tokens are valid: true, expires at: 1781130567107
[debug] [2026-06-10T21:29:32.584Z] Checked if tokens are valid: true, expires at: 1781130567107
[debug] [2026-06-10T21:29:32.585Z] >>> [apiv2][query] PUT https://borapedir-f529a-default-rtdb.firebaseio.com/.settings/rules.json dryRun=true
[debug] [2026-06-10T21:29:32.585Z] >>> [apiv2][body] PUT https://borapedir-f529a-default-rtdb.firebaseio.com/.settings/rules.json "{\r\n    \"rules\": {\r\n      \".read\": false,\r\n      \".write\": false,\r\n  \r\n      \"presence\": {\r\n        \"$storeId\": {\r\n          \".read\": false,\r\n  \r\n          \"$sessionId\": {\r\n            \".write\": \"auth != null && $sessionId == auth.uid && (newData.val() == null || newData.hasChildren(['online', 'connectedAt']))\",\r\n  \r\n            \"online\": {\r\n              \".validate\": \"newData.isBoolean() && newData.val() == true\"\r\n            },\r\n  \r\n            \"connectedAt\": {\r\n              \".validate\": \"newData.isNumber()\"\r\n            },\r\n  \r\n            \"$other\": {\r\n              \".validate\": false\r\n            }\r\n          }\r\n        }\r\n      },\r\n\r\n      \"presenceCounts\": {\r\n        \"$storeId\": {\r\n          \"activeCount\": {\r\n            \".read\": true,\r\n            \".write\": false,\r\n            \".validate\": \"newData.isNumber() && newData.val() >= 0\"\r\n          },\r\n\r\n          \"$other\": {\r\n            \".read\": false,\r\n            \".write\": false\r\n          }\r\n        }\r\n      }\r\n    }\r\n  }\r\n"
[debug] [2026-06-10T21:29:33.218Z] <<< [apiv2][status] PUT https://borapedir-f529a-default-rtdb.firebaseio.com/.settings/rules.json 200
[debug] [2026-06-10T21:29:33.218Z] <<< [apiv2][body] PUT https://borapedir-f529a-default-rtdb.firebaseio.com/.settings/rules.json {"status":"ok"}
[info] +  database: rules syntax for database borapedir-f529a-default-rtdb is valid 
[info] i  firestore: ensuring required API firestore.googleapis.com is enabled... 
[info] i  firestore: ensuring required API firestore.googleapis.com is enabled... 
[debug] [2026-06-10T21:29:33.222Z] Checked if tokens are valid: true, expires at: 1781130567107
[debug] [2026-06-10T21:29:33.222Z] Checked if tokens are valid: true, expires at: 1781130567107
[debug] [2026-06-10T21:29:33.222Z] >>> [apiv2][query] GET https://firestore.googleapis.com/v1/projects/borapedir-f529a/databases/(default) [none]
[debug] [2026-06-10T21:29:33.618Z] <<< [apiv2][status] GET https://firestore.googleapis.com/v1/projects/borapedir-f529a/databases/(default) 200
[debug] [2026-06-10T21:29:33.618Z] <<< [apiv2][body] GET https://firestore.googleapis.com/v1/projects/borapedir-f529a/databases/(default) {"name":"projects/borapedir-f529a/databases/(default)","uid":"57a6c559-3ef4-447f-afc6-429fb635d7f7","createTime":"2026-05-03T15:27:30.216802Z","updateTime":"2026-05-03T15:27:30.216802Z","locationId":"southamerica-east1","type":"FIRESTORE_NATIVE","concurrencyMode":"PESSIMISTIC","versionRetentionPeriod":"3600s","earliestVersionTime":"2026-06-10T20:30:06.591911Z","appEngineIntegrationMode":"DISABLED","keyPrefix":"i","pointInTimeRecoveryEnablement":"POINT_IN_TIME_RECOVERY_DISABLED","deleteProtectionState":"DELETE_PROTECTION_DISABLED","databaseEdition":"STANDARD","freeTier":true,"realtimeUpdatesMode":"REALTIME_UPDATES_MODE_ENABLED","etag":"IOqynJTP/ZQDMJ2Pjcn1uZQD"}
[info] i  firestore: reading indexes from firestore.indexes.json... 
[info] i  cloud.firestore: checking firestore.rules for compilation errors... 
[debug] [2026-06-10T21:29:33.623Z] Checked if tokens are valid: true, expires at: 1781130567107
[debug] [2026-06-10T21:29:33.623Z] Checked if tokens are valid: true, expires at: 1781130567107
[debug] [2026-06-10T21:29:33.623Z] >>> [apiv2][query] POST https://firebaserules.googleapis.com/v1/projects/borapedir-f529a:test [none]
[debug] [2026-06-10T21:29:33.623Z] >>> [apiv2][body] POST https://firebaserules.googleapis.com/v1/projects/borapedir-f529a:test [omitted]
[debug] [2026-06-10T21:29:36.332Z] <<< [apiv2][status] POST https://firebaserules.googleapis.com/v1/projects/borapedir-f529a:test 200
[debug] [2026-06-10T21:29:36.332Z] <<< [apiv2][body] POST https://firebaserules.googleapis.com/v1/projects/borapedir-f529a:test {"issues":[{"sourcePosition":{"fileName":"firestore.rules","line":68,"column":5,"currentOffset":1865,"endOffset":1865},"description":"Ternary operator result if condition is true has a different type than if condition is false.","severity":"WARNING"},{"sourcePosition":{"fileName":"firestore.rules","line":68,"column":7,"currentOffset":1867,"endOffset":1867},"description":"Invalid type. Received one of [list]. Expected one of [int, float, string, duration, timestamp].","severity":"WARNING"},{"sourcePosition":{"fileName":"firestore.rules","line":291,"column":10,"currentOffset":10658,"endOffset":10679},"description":"Unused function: validPublicOrderCreate.","severity":"WARNING"},{"sourcePosition":{"fileName":"firestore.rules","line":292,"column":10,"currentOffset":10702,"endOffset":10708},"description":"Invalid variable name: request.","severity":"WARNING"},{"sourcePosition":{"fileName":"firestore.rules","line":293,"column":8,"currentOffset":10767,"endOffset":10773},"description":"Invalid variable name: request.","severity":"WARNING"},{"sourcePosition":{"fileName":"firestore.rules","line":294,"column":8,"currentOffset":10833,"endOffset":10839},"description":"Invalid variable name: request.","severity":"WARNING"},{"sourcePosition":{"fileName":"firestore.rules","line":295,"column":26,"currentOffset":10910,"endOffset":10916},"description":"Invalid variable name: request.","severity":"WARNING"},{"sourcePosition":{"fileName":"firestore.rules","line":296,"column":8,"currentOffset":10949,"endOffset":10955},"description":"Invalid variable name: request.","severity":"WARNING"},{"sourcePosition":{"fileName":"firestore.rules","line":297,"column":8,"currentOffset":11013,"endOffset":11019},"description":"Invalid variable name: request.","severity":"WARNING"},{"sourcePosition":{"fileName":"firestore.rules","line":298,"column":10,"currentOffset":11077,"endOffset":11083},"description":"Invalid variable name: request.","severity":"WARNING"},{"sourcePosition":{"fileName":"firestore.rules","line":299,"column":8,"currentOffset":11166,"endOffset":11172},"description":"Invalid variable name: request.","severity":"WARNING"},{"sourcePosition":{"fileName":"firestore.rules","line":300,"column":8,"currentOffset":11224,"endOffset":11230},"description":"Invalid variable name: request.","severity":"WARNING"},{"sourcePosition":{"fileName":"firestore.rules","line":301,"column":8,"currentOffset":11269,"endOffset":11275},"description":"Invalid variable name: request.","severity":"WARNING"},{"sourcePosition":{"fileName":"firestore.rules","line":302,"column":8,"currentOffset":11322,"endOffset":11328},"description":"Invalid variable name: request.","severity":"WARNING"},{"sourcePosition":{"fileName":"firestore.rules","line":303,"column":8,"currentOffset":11387,"endOffset":11393},"description":"Invalid variable name: request.","severity":"WARNING"},{"sourcePosition":{"fileName":"firestore.rules","line":304,"column":8,"currentOffset":11442,"endOffset":11448},"description":"Invalid variable name: request.","severity":"WARNING"}]}
[warn] !  [W] 68:5 - Ternary operator result if condition is true has a different type than if condition is false. 
[warn] !  [W] 68:7 - Invalid type. Received one of [list]. Expected one of [int, float, string, duration, timestamp]. 
[warn] !  [W] 291:10 - Unused function: validPublicOrderCreate. 
[warn] !  [W] 292:10 - Invalid variable name: request. 
[warn] !  [W] 293:8 - Invalid variable name: request. 
[warn] !  [W] 294:8 - Invalid variable name: request. 
[warn] !  [W] 295:26 - Invalid variable name: request. 
[warn] !  [W] 296:8 - Invalid variable name: request. 
[warn] !  [W] 297:8 - Invalid variable name: request. 
[warn] !  [W] 298:10 - Invalid variable name: request. 
[warn] !  [W] 299:8 - Invalid variable name: request. 
[warn] !  [W] 300:8 - Invalid variable name: request. 
[warn] !  [W] 301:8 - Invalid variable name: request. 
[warn] !  [W] 302:8 - Invalid variable name: request. 
[warn] !  [W] 303:8 - Invalid variable name: request. 
[warn] !  [W] 304:8 - Invalid variable name: request. 
[info] +  cloud.firestore: rules file firestore.rules compiled successfully 
[debug] [2026-06-10T21:29:36.337Z] Checked if tokens are valid: true, expires at: 1781130567107
[debug] [2026-06-10T21:29:36.337Z] Checked if tokens are valid: true, expires at: 1781130567107
[debug] [2026-06-10T21:29:36.337Z] >>> [apiv2][query] GET https://cloudresourcemanager.googleapis.com/v1/projects/borapedir-f529a [none]
[debug] [2026-06-10T21:29:37.358Z] <<< [apiv2][status] GET https://cloudresourcemanager.googleapis.com/v1/projects/borapedir-f529a 200
[debug] [2026-06-10T21:29:37.358Z] <<< [apiv2][body] GET https://cloudresourcemanager.googleapis.com/v1/projects/borapedir-f529a {"projectNumber":"549747350096","projectId":"borapedir-f529a","lifecycleState":"ACTIVE","name":"Pratoby","labels":{"firebase":"enabled","firebase-core":"disabled"},"createTime":"2026-05-03T15:21:12.005Z"}
[info] i  functions: preparing codebase default for deployment 
[info] i  functions: ensuring required API cloudfunctions.googleapis.com is enabled... 
[info] i  functions: ensuring required API cloudbuild.googleapis.com is enabled... 
[info] i  artifactregistry: ensuring required API artifactregistry.googleapis.com is enabled... 
[debug] [2026-06-10T21:29:37.362Z] Checked if tokens are valid: true, expires at: 1781130567107
[debug] [2026-06-10T21:29:37.362Z] Checked if tokens are valid: true, expires at: 1781130567107
[debug] [2026-06-10T21:29:37.362Z] >>> [apiv2][query] GET https://firebase.googleapis.com/v1beta1/projects/borapedir-f529a/adminSdkConfig [none]
[debug] [2026-06-10T21:29:37.957Z] <<< [apiv2][status] GET https://firebase.googleapis.com/v1beta1/projects/borapedir-f529a/adminSdkConfig 200
[debug] [2026-06-10T21:29:37.957Z] <<< [apiv2][body] GET https://firebase.googleapis.com/v1beta1/projects/borapedir-f529a/adminSdkConfig {"projectId":"borapedir-f529a","databaseURL":"https://borapedir-f529a-default-rtdb.firebaseio.com","storageBucket":"borapedir-f529a.firebasestorage.app"}
[debug] [2026-06-10T21:29:37.960Z] Validating nodejs source
[debug] [2026-06-10T21:29:40.143Z] > [functions] package.json contents: {
  "name": "functions",
  "description": "Cloud Functions for Firebase",
  "scripts": {
    "serve": "firebase emulators:start --only functions",
    "shell": "firebase functions:shell",
    "start": "npm run shell",
    "deploy": "firebase deploy --only functions",
    "backfill:public-catalog": "node scripts/backfillPublicCatalog.js",
    "logs": "firebase functions:log"
  },
  "engines": {
    "node": "22"
  },
  "main": "index.js",
  "dependencies": {
    "firebase-admin": "13.10.0",
    "firebase-functions": "^7.2.5",
    "mercadopago": "^3.1.0"
  },
  "devDependencies": {
    "firebase-functions-test": "^3.4.1"
  },
  "private": true
}
[debug] [2026-06-10T21:29:40.144Z] Building nodejs source
[info] i  functions: Loading and analyzing source code for codebase default to determine what to deploy 
[debug] [2026-06-10T21:29:40.146Z] Could not find functions.yaml. Must use http discovery
[debug] [2026-06-10T21:29:40.169Z] Found firebase-functions binary at 'C:\Users\tommy\Delivery-Project\functions\node_modules\.bin\firebase-functions'
[info] Serving at port 8311

[error] {"severity":"WARNING","message":"[appCheck] Public callables are running without App Check enforcement. Use monitor mode first, then set ENFORCE_APP_CHECK=true after validating public store, coupon and order flows."}

[debug] [2026-06-10T21:29:42.799Z] Got response from /__/functions.yaml {"endpoints":{"startAsaasSubscription":{"availableMemoryMb":256,"timeoutSeconds":60,"minInstances":0,"maxInstances":3,"ingressSettings":null,"concurrency":null,"serviceAccountEmail":null,"vpc":null,"platform":"gcfv2","cpu":"gcf_gen1","region":["southamerica-east1"],"secretEnvironmentVariables":[{"key":"ASAAS_API_KEY"}],"labels":{},"callableTrigger":{},"entryPoint":"startAsaasSubscription"},"getSubscriptionManagementData":{"availableMemoryMb":256,"timeoutSeconds":30,"minInstances":0,"maxInstances":3,"ingressSettings":null,"concurrency":null,"serviceAccountEmail":null,"vpc":null,"platform":"gcfv2","cpu":"gcf_gen1","region":["southamerica-east1"],"labels":{},"callableTrigger":{},"entryPoint":"getSubscriptionManagementData"},"changeSubscriptionPlan":{"availableMemoryMb":256,"timeoutSeconds":30,"minInstances":0,"maxInstances":3,"ingressSettings":null,"concurrency":null,"serviceAccountEmail":null,"vpc":null,"platform":"gcfv2","cpu":"gcf_gen1","region":["southamerica-east1"],"labels":{},"callableTrigger":{},"entryPoint":"changeSubscriptionPlan"},"cancelSubscription":{"availableMemoryMb":256,"timeoutSeconds":30,"minInstances":0,"maxInstances":3,"ingressSettings":null,"concurrency":null,"serviceAccountEmail":null,"vpc":null,"platform":"gcfv2","cpu":"gcf_gen1","region":["southamerica-east1"],"labels":{},"callableTrigger":{},"entryPoint":"cancelSubscription"},"requestSubscriptionDueDateChange":{"availableMemoryMb":256,"timeoutSeconds":30,"minInstances":0,"maxInstances":3,"ingressSettings":null,"concurrency":null,"serviceAccountEmail":null,"vpc":null,"platform":"gcfv2","cpu":"gcf_gen1","region":["southamerica-east1"],"labels":{},"callableTrigger":{},"entryPoint":"requestSubscriptionDueDateChange"},"syncAsaasSubscriptionStatus":{"availableMemoryMb":256,"timeoutSeconds":60,"minInstances":0,"maxInstances":3,"ingressSettings":null,"concurrency":null,"serviceAccountEmail":null,"vpc":null,"platform":"gcfv2","cpu":"gcf_gen1","region":["southamerica-east1"],"secretEnvironmentVariables":[{"key":"ASAAS_API_KEY"}],"labels":{},"callableTrigger":{},"entryPoint":"syncAsaasSubscriptionStatus"},"createPaymentMethodUpdateCheckout":{"availableMemoryMb":256,"timeoutSeconds":30,"minInstances":0,"maxInstances":3,"ingressSettings":null,"concurrency":null,"serviceAccountEmail":null,"vpc":null,"platform":"gcfv2","cpu":"gcf_gen1","region":["southamerica-east1"],"secretEnvironmentVariables":[{"key":"ASAAS_API_KEY"}],"labels":{},"callableTrigger":{},"entryPoint":"createPaymentMethodUpdateCheckout"},"asaasWebhook":{"availableMemoryMb":256,"timeoutSeconds":60,"minInstances":0,"maxInstances":10,"ingressSettings":null,"concurrency":null,"serviceAccountEmail":null,"vpc":null,"platform":"gcfv2","cpu":"gcf_gen1","region":["southamerica-east1"],"secretEnvironmentVariables":[{"key":"ASAAS_WEBHOOK_AUTH_TOKEN"},{"key":"BREVO_API_KEY"}],"labels":{},"httpsTrigger":{},"entryPoint":"asaasWebhook"},"adminUpdateSubscriptionRequestStatus":{"availableMemoryMb":256,"timeoutSeconds":30,"minInstances":0,"maxInstances":3,"ingressSettings":null,"concurrency":null,"serviceAccountEmail":null,"vpc":null,"platform":"gcfv2","cpu":"gcf_gen1","region":["southamerica-east1"],"labels":{},"callableTrigger":{},"entryPoint":"adminUpdateSubscriptionRequestStatus"},"updateMerchantOrder":{"availableMemoryMb":256,"timeoutSeconds":30,"minInstances":0,"maxInstances":10,"ingressSettings":null,"concurrency":null,"serviceAccountEmail":null,"vpc":null,"platform":"gcfv2","cpu":"gcf_gen1","region":["southamerica-east1"],"labels":{},"callableTrigger":{},"entryPoint":"updateMerchantOrder"},"createMerchantCounterOrder":{"availableMemoryMb":256,"timeoutSeconds":60,"minInstances":0,"maxInstances":10,"ingressSettings":null,"concurrency":null,"serviceAccountEmail":null,"vpc":null,"platform":"gcfv2","cpu":"gcf_gen1","region":["southamerica-east1"],"labels":{},"callableTrigger":{},"entryPoint":"createMerchantCounterOrder"},"createAsaasOrderPayment":{"availableMemoryMb":256,"timeoutSeconds":60,"minInstances":0,"maxInstances":10,"ingressSettings":null,"concurrency":null,"serviceAccountEmail":null,"vpc":null,"platform":"gcfv2","cpu":"gcf_gen1","region":["southamerica-east1"],"secretEnvironmentVariables":[{"key":"ASAAS_ORDERS_API_KEY"}],"labels":{},"callableTrigger":{},"entryPoint":"createAsaasOrderPayment"},"asaasOrderWebhook":{"availableMemoryMb":256,"timeoutSeconds":60,"minInstances":0,"maxInstances":10,"ingressSettings":null,"concurrency":null,"serviceAccountEmail":null,"vpc":null,"platform":"gcfv2","cpu":"gcf_gen1","region":["southamerica-east1"],"secretEnvironmentVariables":[{"key":"ASAAS_ORDERS_WEBHOOK_SECRET"},{"key":"ASAAS_ORDERS_API_KEY"}],"labels":{},"httpsTrigger":{},"entryPoint":"asaasOrderWebhook"},"getMercadoPagoConnectUrl":{"availableMemoryMb":256,"timeoutSeconds":30,"minInstances":0,"maxInstances":10,"ingressSettings":null,"concurrency":null,"serviceAccountEmail":null,"vpc":null,"platform":"gcfv2","cpu":"gcf_gen1","region":["southamerica-east1"],"secretEnvironmentVariables":[{"key":"MERCADOPAGO_CLIENT_ID"}],"labels":{},"callableTrigger":{},"entryPoint":"getMercadoPagoConnectUrl"},"mercadoPagoOAuthCallback":{"availableMemoryMb":256,"timeoutSeconds":60,"minInstances":0,"maxInstances":10,"ingressSettings":null,"concurrency":null,"serviceAccountEmail":null,"vpc":null,"platform":"gcfv2","cpu":"gcf_gen1","region":["southamerica-east1"],"secretEnvironmentVariables":[{"key":"MERCADOPAGO_CLIENT_ID"},{"key":"MERCADOPAGO_CLIENT_SECRET"}],"labels":{},"httpsTrigger":{},"entryPoint":"mercadoPagoOAuthCallback"},"disconnectMercadoPago":{"availableMemoryMb":256,"timeoutSeconds":30,"minInstances":0,"maxInstances":10,"ingressSettings":null,"concurrency":null,"serviceAccountEmail":null,"vpc":null,"platform":"gcfv2","cpu":"gcf_gen1","region":["southamerica-east1"],"labels":{},"callableTrigger":{},"entryPoint":"disconnectMercadoPago"},"createMercadoPagoOrderPayment":{"availableMemoryMb":256,"timeoutSeconds":60,"minInstances":0,"maxInstances":10,"ingressSettings":null,"concurrency":null,"serviceAccountEmail":null,"vpc":null,"platform":"gcfv2","cpu":"gcf_gen1","region":["southamerica-east1"],"secretEnvironmentVariables":[{"key":"MERCADOPAGO_ACCESS_TOKEN_TEST"},{"key":"MERCADOPAGO_ACCESS_TOKEN_PROD"}],"labels":{},"callableTrigger":{},"entryPoint":"createMercadoPagoOrderPayment"},"mercadoPagoOrderWebhook":{"availableMemoryMb":256,"timeoutSeconds":60,"minInstances":0,"maxInstances":10,"ingressSettings":null,"concurrency":null,"serviceAccountEmail":null,"vpc":null,"platform":"gcfv2","cpu":"gcf_gen1","region":["southamerica-east1"],"secretEnvironmentVariables":[{"key":"MERCADOPAGO_ACCESS_TOKEN_TEST"},{"key":"MERCADOPAGO_ACCESS_TOKEN_PROD"},{"key":"MERCADOPAGO_WEBHOOK_SECRET"}],"labels":{},"httpsTrigger":{},"entryPoint":"mercadoPagoOrderWebhook"},"createPublicOrder":{"availableMemoryMb":256,"timeoutSeconds":60,"minInstances":0,"maxInstances":10,"ingressSettings":null,"concurrency":null,"serviceAccountEmail":null,"vpc":null,"platform":"gcfv2","cpu":"gcf_gen1","region":["southamerica-east1"],"secretEnvironmentVariables":[{"key":"ASAAS_ORDERS_API_KEY"},{"key":"MERCADOPAGO_ACCESS_TOKEN_TEST"},{"key":"MERCADOPAGO_ACCESS_TOKEN_PROD"}],"labels":{},"callableTrigger":{},"entryPoint":"createPublicOrder"},"registerCustomerOrderPushToken":{"availableMemoryMb":256,"timeoutSeconds":30,"minInstances":0,"maxInstances":10,"ingressSettings":null,"concurrency":null,"serviceAccountEmail":null,"vpc":null,"platform":"gcfv2","cpu":"gcf_gen1","region":["southamerica-east1"],"labels":{},"callableTrigger":{},"entryPoint":"registerCustomerOrderPushToken"},"disableCustomerOrderPushToken":{"availableMemoryMb":256,"timeoutSeconds":30,"minInstances":0,"maxInstances":10,"ingressSettings":null,"concurrency":null,"serviceAccountEmail":null,"vpc":null,"platform":"gcfv2","cpu":"gcf_gen1","region":["southamerica-east1"],"labels":{},"callableTrigger":{},"entryPoint":"disableCustomerOrderPushToken"},"confirmCustomerDelivery":{"availableMemoryMb":256,"timeoutSeconds":30,"minInstances":0,"maxInstances":10,"ingressSettings":null,"concurrency":null,"serviceAccountEmail":null,"vpc":null,"platform":"gcfv2","cpu":"gcf_gen1","region":["southamerica-east1"],"labels":{},"callableTrigger":{},"entryPoint":"confirmCustomerDelivery"},"markCustomerPixProofSent":{"availableMemoryMb":256,"timeoutSeconds":30,"minInstances":0,"maxInstances":10,"ingressSettings":null,"concurrency":null,"serviceAccountEmail":null,"vpc":null,"platform":"gcfv2","cpu":"gcf_gen1","region":["southamerica-east1"],"labels":{},"callableTrigger":{},"entryPoint":"markCustomerPixProofSent"},"requestCustomerOrderCancellation":{"availableMemoryMb":256,"timeoutSeconds":30,"minInstances":0,"maxInstances":10,"ingressSettings":null,"concurrency":null,"serviceAccountEmail":null,"vpc":null,"platform":"gcfv2","cpu":"gcf_gen1","region":["southamerica-east1"],"labels":{},"callableTrigger":{},"entryPoint":"requestCustomerOrderCancellation"},"submitPublicOrderReview":{"availableMemoryMb":256,"timeoutSeconds":30,"minInstances":0,"maxInstances":10,"ingressSettings":null,"concurrency":null,"serviceAccountEmail":null,"vpc":null,"platform":"gcfv2","cpu":"gcf_gen1","region":["southamerica-east1"],"labels":{},"callableTrigger":{},"entryPoint":"submitPublicOrderReview"},"getPublicStoreProfile":{"availableMemoryMb":256,"timeoutSeconds":30,"minInstances":0,"maxInstances":10,"ingressSettings":null,"concurrency":null,"serviceAccountEmail":null,"vpc":null,"platform":"gcfv2","cpu":"gcf_gen1","region":["southamerica-east1"],"labels":{},"callableTrigger":{},"entryPoint":"getPublicStoreProfile"},"getPublicCatalog":{"availableMemoryMb":512,"timeoutSeconds":30,"minInstances":0,"maxInstances":10,"ingressSettings":null,"concurrency":null,"serviceAccountEmail":null,"vpc":null,"platform":"gcfv2","cpu":"gcf_gen1","region":["southamerica-east1"],"labels":{},"callableTrigger":{},"entryPoint":"getPublicCatalog"},"validatePublicCoupon":{"availableMemoryMb":256,"timeoutSeconds":30,"minInstances":0,"maxInstances":20,"ingressSettings":null,"concurrency":null,"serviceAccountEmail":null,"vpc":null,"platform":"gcfv2","cpu":"gcf_gen1","region":["southamerica-east1"],"labels":{},"callableTrigger":{},"entryPoint":"validatePublicCoupon"},"createCloudinaryUploadSignature":{"availableMemoryMb":256,"timeoutSeconds":15,"minInstances":0,"maxInstances":10,"ingressSettings":null,"concurrency":null,"serviceAccountEmail":null,"vpc":null,"platform":"gcfv2","cpu":"gcf_gen1","region":["southamerica-east1"],"secretEnvironmentVariables":[{"key":"CLOUDINARY_API_SECRET"}],"labels":{},"callableTrigger":{},"entryPoint":"createCloudinaryUploadSignature"},"updateStoreSettings":{"availableMemoryMb":256,"timeoutSeconds":30,"minInstances":0,"maxInstances":10,"ingressSettings":null,"concurrency":null,"serviceAccountEmail":null,"vpc":null,"platform":"gcfv2","cpu":"gcf_gen1","region":["southamerica-east1"],"labels":{},"callableTrigger":{},"entryPoint":"updateStoreSettings"},"validateOrderPricing":{"availableMemoryMb":256,"timeoutSeconds":60,"minInstances":0,"maxInstances":3,"ingressSettings":null,"concurrency":null,"serviceAccountEmail":null,"vpc":null,"platform":"gcfv2","cpu":"gcf_gen1","region":["southamerica-east1"],"labels":{},"eventTrigger":{"eventType":"google.cloud.firestore.document.v1.created","eventFilters":{"database":"(default)","namespace":"(default)"},"eventFilterPathPatterns":{"document":"orders/{orderId}"},"retry":false},"entryPoint":"validateOrderPricing"},"auditOrderChanges":{"availableMemoryMb":256,"timeoutSeconds":30,"minInstances":0,"maxInstances":3,"ingressSettings":null,"concurrency":null,"serviceAccountEmail":null,"vpc":null,"platform":"gcfv2","cpu":"gcf_gen1","region":["southamerica-east1"],"labels":{},"eventTrigger":{"eventType":"google.cloud.firestore.document.v1.updated","eventFilters":{"database":"(default)","namespace":"(default)"},"eventFilterPathPatterns":{"document":"orders/{orderId}"},"retry":false},"entryPoint":"auditOrderChanges"},"auditProductPriceChanges":{"availableMemoryMb":256,"timeoutSeconds":30,"minInstances":0,"maxInstances":3,"ingressSettings":null,"concurrency":null,"serviceAccountEmail":null,"vpc":null,"platform":"gcfv2","cpu":"gcf_gen1","region":["southamerica-east1"],"labels":{},"eventTrigger":{"eventType":"google.cloud.firestore.document.v1.updated","eventFilters":{"database":"(default)","namespace":"(default)"},"eventFilterPathPatterns":{"document":"products/{productId}"},"retry":false},"entryPoint":"auditProductPriceChanges"},"precheckFirebasePhoneClaim":{"availableMemoryMb":null,"timeoutSeconds":null,"minInstances":0,"maxInstances":3,"ingressSettings":null,"concurrency":null,"serviceAccountEmail":null,"vpc":null,"platform":"gcfv2","cpu":"gcf_gen1","region":["southamerica-east1"],"labels":{},"callableTrigger":{},"entryPoint":"precheckFirebasePhoneClaim"},"confirmFirebasePhoneVerified":{"availableMemoryMb":null,"timeoutSeconds":null,"minInstances":0,"maxInstances":3,"ingressSettings":null,"concurrency":null,"serviceAccountEmail":null,"vpc":null,"platform":"gcfv2","cpu":"gcf_gen1","region":["southamerica-east1"],"labels":{},"callableTrigger":{},"entryPoint":"confirmFirebasePhoneVerified"},"requestPhoneVerification":{"availableMemoryMb":null,"timeoutSeconds":null,"minInstances":0,"maxInstances":3,"ingressSettings":null,"concurrency":null,"serviceAccountEmail":null,"vpc":null,"platform":"gcfv2","cpu":"gcf_gen1","region":["southamerica-east1"],"labels":{},"callableTrigger":{},"entryPoint":"requestPhoneVerification"},"confirmPhoneVerification":{"availableMemoryMb":null,"timeoutSeconds":null,"minInstances":0,"maxInstances":3,"ingressSettings":null,"concurrency":null,"serviceAccountEmail":null,"vpc":null,"platform":"gcfv2","cpu":"gcf_gen1","region":["southamerica-east1"],"labels":{},"callableTrigger":{},"entryPoint":"confirmPhoneVerification"},"startFreeTrial":{"availableMemoryMb":null,"timeoutSeconds":null,"minInstances":0,"maxInstances":3,"ingressSettings":null,"concurrency":null,"serviceAccountEmail":null,"vpc":null,"platform":"gcfv2","cpu":"gcf_gen1","region":["southamerica-east1"],"labels":{},"callableTrigger":{},"entryPoint":"startFreeTrial"},"adminCreateStore":{"availableMemoryMb":null,"timeoutSeconds":null,"minInstances":0,"maxInstances":3,"ingressSettings":null,"concurrency":null,"serviceAccountEmail":null,"vpc":null,"platform":"gcfv2","cpu":"gcf_gen1","region":["southamerica-east1"],"labels":{},"callableTrigger":{},"entryPoint":"adminCreateStore"},"acceptLatestTerms":{"availableMemoryMb":null,"timeoutSeconds":null,"minInstances":0,"maxInstances":3,"ingressSettings":null,"concurrency":null,"serviceAccountEmail":null,"vpc":null,"platform":"gcfv2","cpu":"gcf_gen1","region":["southamerica-east1"],"labels":{},"callableTrigger":{},"entryPoint":"acceptLatestTerms"},"updateBillingNotificationPreferences":{"availableMemoryMb":null,"timeoutSeconds":null,"minInstances":0,"maxInstances":3,"ingressSettings":null,"concurrency":null,"serviceAccountEmail":null,"vpc":null,"platform":"gcfv2","cpu":"gcf_gen1","region":["southamerica-east1"],"labels":{},"callableTrigger":{},"entryPoint":"updateBillingNotificationPreferences"},"updateMyProfile":{"availableMemoryMb":null,"timeoutSeconds":null,"minInstances":0,"maxInstances":3,"ingressSettings":null,"concurrency":null,"serviceAccountEmail":null,"vpc":null,"platform":"gcfv2","cpu":"gcf_gen1","region":["southamerica-east1"],"labels":{},"callableTrigger":{},"entryPoint":"updateMyProfile"},"auditStoreChanges":{"availableMemoryMb":256,"timeoutSeconds":30,"minInstances":0,"maxInstances":3,"ingressSettings":null,"concurrency":null,"serviceAccountEmail":null,"vpc":null,"platform":"gcfv2","cpu":"gcf_gen1","region":["southamerica-east1"],"labels":{},"eventTrigger":{"eventType":"google.cloud.firestore.document.v1.updated","eventFilters":{"database":"(default)","namespace":"(default)"},"eventFilterPathPatterns":{"document":"stores/{storeId}"},"retry":false},"entryPoint":"auditStoreChanges"},"cleanupAnonymousUsers":{"availableMemoryMb":256,"timeoutSeconds":540,"minInstances":0,"maxInstances":3,"ingressSettings":null,"concurrency":null,"serviceAccountEmail":null,"vpc":null,"platform":"gcfv2","cpu":"gcf_gen1","region":["southamerica-east1"],"labels":{},"scheduleTrigger":{"schedule":"0 6 * * *","retryConfig":{},"timeZone":"UTC"},"entryPoint":"cleanupAnonymousUsers"},"reconcilePublicCatalog":{"availableMemoryMb":512,"timeoutSeconds":540,"minInstances":0,"maxInstances":1,"ingressSettings":null,"concurrency":null,"serviceAccountEmail":null,"vpc":null,"platform":"gcfv2","cpu":"gcf_gen1","region":["southamerica-east1"],"labels":{},"scheduleTrigger":{"schedule":"every sunday 04:00","retryConfig":{},"timeZone":"America/Sao_Paulo"},"entryPoint":"reconcilePublicCatalog"},"materializePublicStoreProfile":{"availableMemoryMb":null,"timeoutSeconds":null,"minInstances":0,"maxInstances":3,"ingressSettings":null,"concurrency":null,"serviceAccountEmail":null,"vpc":null,"platform":"gcfv2","cpu":"gcf_gen1","region":["southamerica-east1"],"labels":{},"eventTrigger":{"eventType":"google.cloud.firestore.document.v1.written","eventFilters":{"database":"(default)","namespace":"(default)"},"eventFilterPathPatterns":{"document":"stores/{storeId}"},"retry":false},"entryPoint":"materializePublicStoreProfile"},"materializePublicProduct":{"availableMemoryMb":null,"timeoutSeconds":null,"minInstances":0,"maxInstances":3,"ingressSettings":null,"concurrency":null,"serviceAccountEmail":null,"vpc":null,"platform":"gcfv2","cpu":"gcf_gen1","region":["southamerica-east1"],"labels":{},"eventTrigger":{"eventType":"google.cloud.firestore.document.v1.written","eventFilters":{"database":"(default)","namespace":"(default)"},"eventFilterPathPatterns":{"document":"products/{productId}"},"retry":false},"entryPoint":"materializePublicProduct"},"materializePublicCategory":{"availableMemoryMb":null,"timeoutSeconds":null,"minInstances":0,"maxInstances":3,"ingressSettings":null,"concurrency":null,"serviceAccountEmail":null,"vpc":null,"platform":"gcfv2","cpu":"gcf_gen1","region":["southamerica-east1"],"labels":{},"eventTrigger":{"eventType":"google.cloud.firestore.document.v1.written","eventFilters":{"database":"(default)","namespace":"(default)"},"eventFilterPathPatterns":{"document":"categories/{categoryId}"},"retry":false},"entryPoint":"materializePublicCategory"},"aggregateStorePresence":{"availableMemoryMb":256,"timeoutSeconds":30,"minInstances":0,"maxInstances":3,"ingressSettings":null,"concurrency":null,"serviceAccountEmail":null,"vpc":null,"platform":"gcfv2","cpu":"gcf_gen1","region":["us-central1"],"labels":{},"eventTrigger":{"eventType":"google.firebase.database.ref.v1.written","eventFilters":{},"eventFilterPathPatterns":{"ref":"presence/{storeId}","instance":"*"},"retry":false},"entryPoint":"aggregateStorePresence"},"sendWelcomeEmailOnUserCreate":{"availableMemoryMb":256,"timeoutSeconds":30,"minInstances":0,"maxInstances":3,"ingressSettings":null,"concurrency":null,"serviceAccountEmail":null,"vpc":null,"platform":"gcfv2","cpu":"gcf_gen1","region":["southamerica-east1"],"secretEnvironmentVariables":[{"key":"BREVO_API_KEY"}],"labels":{},"eventTrigger":{"eventType":"google.cloud.firestore.document.v1.created","eventFilters":{"database":"(default)","namespace":"(default)"},"eventFilterPathPatterns":{"document":"users/{uid}"},"retry":false},"entryPoint":"sendWelcomeEmailOnUserCreate"},"sendWelcomeEmailOnUserWrite":{"availableMemoryMb":256,"timeoutSeconds":30,"minInstances":0,"maxInstances":3,"ingressSettings":null,"concurrency":null,"serviceAccountEmail":null,"vpc":null,"platform":"gcfv2","cpu":"gcf_gen1","region":["southamerica-east1"],"secretEnvironmentVariables":[{"key":"BREVO_API_KEY"}],"labels":{},"eventTrigger":{"eventType":"google.cloud.firestore.document.v1.written","eventFilters":{"database":"(default)","namespace":"(default)"},"eventFilterPathPatterns":{"document":"users/{uid}"},"retry":false},"entryPoint":"sendWelcomeEmailOnUserWrite"},"sendTrialEndingAlerts":{"availableMemoryMb":null,"timeoutSeconds":null,"minInstances":0,"maxInstances":3,"ingressSettings":null,"concurrency":null,"serviceAccountEmail":null,"vpc":null,"platform":"gcfv2","cpu":"gcf_gen1","region":["southamerica-east1"],"secretEnvironmentVariables":[{"key":"BREVO_API_KEY"}],"labels":{},"scheduleTrigger":{"schedule":"every day 09:00","retryConfig":{},"timeZone":"America/Sao_Paulo"},"entryPoint":"sendTrialEndingAlerts"},"sendWeeklyPerformanceReports":{"availableMemoryMb":null,"timeoutSeconds":null,"minInstances":0,"maxInstances":3,"ingressSettings":null,"concurrency":null,"serviceAccountEmail":null,"vpc":null,"platform":"gcfv2","cpu":"gcf_gen1","region":["southamerica-east1"],"secretEnvironmentVariables":[{"key":"BREVO_API_KEY"}],"labels":{},"scheduleTrigger":{"schedule":"every monday 08:00","retryConfig":{},"timeZone":"America/Sao_Paulo"},"entryPoint":"sendWeeklyPerformanceReports"},"createStoreTable":{"availableMemoryMb":256,"timeoutSeconds":30,"minInstances":0,"maxInstances":5,"ingressSettings":null,"concurrency":null,"serviceAccountEmail":null,"vpc":null,"platform":"gcfv2","cpu":"gcf_gen1","region":["southamerica-east1"],"labels":{},"callableTrigger":{},"entryPoint":"createStoreTable"},"updateStoreTable":{"availableMemoryMb":256,"timeoutSeconds":30,"minInstances":0,"maxInstances":5,"ingressSettings":null,"concurrency":null,"serviceAccountEmail":null,"vpc":null,"platform":"gcfv2","cpu":"gcf_gen1","region":["southamerica-east1"],"labels":{},"callableTrigger":{},"entryPoint":"updateStoreTable"},"archiveStoreTable":{"availableMemoryMb":256,"timeoutSeconds":30,"minInstances":0,"maxInstances":5,"ingressSettings":null,"concurrency":null,"serviceAccountEmail":null,"vpc":null,"platform":"gcfv2","cpu":"gcf_gen1","region":["southamerica-east1"],"labels":{},"callableTrigger":{},"entryPoint":"archiveStoreTable"}},"specVersion":"v1alpha1","requiredAPIs":[{"api":"cloudscheduler.googleapis.com","reason":"Needed for scheduled functions."}],"extensions":{},"params":[{"type":"secret","name":"BREVO_API_KEY"},{"type":"secret","name":"ASAAS_API_KEY"},{"type":"secret","name":"ASAAS_WEBHOOK_AUTH_TOKEN"},{"type":"secret","name":"CLOUDINARY_API_SECRET"},{"type":"secret","name":"ASAAS_ORDERS_API_KEY"},{"type":"secret","name":"ASAAS_ORDERS_WEBHOOK_SECRET"},{"type":"secret","name":"MERCADOPAGO_ACCESS_TOKEN_TEST"},{"type":"secret","name":"MERCADOPAGO_ACCESS_TOKEN_PROD"},{"type":"secret","name":"MERCADOPAGO_CLIENT_ID"},{"type":"secret","name":"MERCADOPAGO_CLIENT_SECRET"},{"type":"secret","name":"MERCADOPAGO_WEBHOOK_SECRET"}]}
[debug] [2026-06-10T21:29:46.860Z] Checked if tokens are valid: true, expires at: 1781130567107
[debug] [2026-06-10T21:29:46.860Z] Checked if tokens are valid: true, expires at: 1781130567107
[debug] [2026-06-10T21:29:46.860Z] >>> [apiv2][query] GET https://cloudfunctions.googleapis.com/v1/projects/borapedir-f529a/locations/-/functions [none]
[debug] [2026-06-10T21:29:48.344Z] <<< [apiv2][status] GET https://cloudfunctions.googleapis.com/v1/projects/borapedir-f529a/locations/-/functions 200
[debug] [2026-06-10T21:29:48.344Z] <<< [apiv2][body] GET https://cloudfunctions.googleapis.com/v1/projects/borapedir-f529a/locations/-/functions {}
[debug] [2026-06-10T21:29:48.344Z] Checked if tokens are valid: true, expires at: 1781130567107
[debug] [2026-06-10T21:29:48.344Z] Checked if tokens are valid: true, expires at: 1781130567107
[debug] [2026-06-10T21:29:48.344Z] >>> [apiv2][query] GET https://cloudfunctions.googleapis.com/v2/projects/borapedir-f529a/locations/-/functions filter=environment%3D%22GEN_2%22
